<?xml version="1.0" encoding="UTF-8"?>
<!-- Generated by org.testng.reporters.JUnitReportReporter -->
<testsuite hostname="DESKTOP-CQB5LA7" failures="0" tests="1" name="ProjectSupportSelenium.ProjectSupportSelenium.DemoTest" time="2.011" errors="0" timestamp="2020-04-16T20:01:48 IST" skipped="0">
  <testcase classname="ProjectSupportSelenium.ProjectSupportSelenium.DemoTest" name="launchHomePage" time="2.011"/>
</testsuite> <!-- ProjectSupportSelenium.ProjectSupportSelenium.DemoTest -->
