<?xml version="1.0" encoding="UTF-8"?>
<!-- Generated by org.testng.reporters.JUnitReportReporter -->
<testsuite hostname="DESKTOP-CQB5LA7" failures="0" tests="1" name="ProjectSupportSelenium.ProjectSupportSelenium.HomePageTest" time="1.084" errors="0" timestamp="2020-04-18T11:50:19 IST" skipped="0">
  <testcase classname="ProjectSupportSelenium.ProjectSupportSelenium.HomePageTest" name="launchHomePage" time="1.084"/>
</testsuite> <!-- ProjectSupportSelenium.ProjectSupportSelenium.HomePageTest -->
